<?xml version="1.0" encoding="UTF-8"?>
<coverage generated="1763561750934" clover="3.2.0">
  <project timestamp="1763561750934" name="All files">
    <metrics statements="31" coveredstatements="23" conditionals="8" coveredconditionals="4" methods="3" coveredmethods="2" elements="42" coveredelements="29" complexity="0" loc="31" ncloc="31" packages="3" files="6" classes="6"/>
    <package name="__fixtures__">
      <metrics statements="2" coveredstatements="2" conditionals="0" coveredconditionals="0" methods="0" coveredmethods="0"/>
      <file name="basicSteps.js" path="/home/wife/qa-auto-engineer-javascript-project-89/__fixtures__/basicSteps.js">
        <metrics statements="0" coveredstatements="0" conditionals="0" coveredconditionals="0" methods="0" coveredmethods="0"/>
      </file>
      <file name="danglingSteps.js" path="/home/wife/qa-auto-engineer-javascript-project-89/__fixtures__/danglingSteps.js">
        <metrics statements="1" coveredstatements="1" conditionals="0" coveredconditionals="0" methods="0" coveredmethods="0"/>
        <line num="1" count="1" type="stmt"/>
      </file>
      <file name="noWelcomeSteps.js" path="/home/wife/qa-auto-engineer-javascript-project-89/__fixtures__/noWelcomeSteps.js">
        <metrics statements="1" coveredstatements="1" conditionals="0" coveredconditionals="0" methods="0" coveredmethods="0"/>
        <line num="1" count="1" type="stmt"/>
      </file>
    </package>
    <package name="__tests__.pageObjects">
      <metrics statements="13" coveredstatements="5" conditionals="4" coveredconditionals="0" methods="1" coveredmethods="0"/>
      <file name="WidgetPage.js" path="/home/wife/qa-auto-engineer-javascript-project-89/__tests__/pageObjects/WidgetPage.js">
        <metrics statements="13" coveredstatements="5" conditionals="4" coveredconditionals="0" methods="1" coveredmethods="0"/>
        <line num="5" count="5" type="stmt"/>
        <line num="6" count="5" type="stmt"/>
        <line num="10" count="5" type="stmt"/>
        <line num="14" count="5" type="stmt"/>
        <line num="18" count="4" type="stmt"/>
        <line num="22" count="0" type="stmt"/>
        <line num="26" count="0" type="cond" truecount="0" falsecount="2"/>
        <line num="30" count="0" type="cond" truecount="0" falsecount="2"/>
        <line num="34" count="0" type="stmt"/>
        <line num="35" count="0" type="stmt"/>
        <line num="36" count="0" type="stmt"/>
        <line num="40" count="0" type="stmt"/>
        <line num="42" count="0" type="stmt"/>
      </file>
    </package>
    <package name="src">
      <metrics statements="16" coveredstatements="16" conditionals="4" coveredconditionals="4" methods="2" coveredmethods="2"/>
      <file name="App.jsx" path="/home/wife/qa-auto-engineer-javascript-project-89/src/App.jsx">
        <metrics statements="15" coveredstatements="15" conditionals="4" coveredconditionals="4" methods="2" coveredmethods="2"/>
        <line num="7" count="63" type="stmt"/>
        <line num="15" count="63" type="stmt"/>
        <line num="18" count="59" type="cond" truecount="2" falsecount="0"/>
        <line num="19" count="59" type="stmt"/>
        <line num="23" count="1" type="stmt"/>
        <line num="27" count="1" type="stmt"/>
        <line num="28" count="1" type="stmt"/>
        <line num="31" count="63" type="stmt"/>
        <line num="40" count="63" type="stmt"/>
        <line num="41" count="6" type="stmt"/>
        <line num="48" count="1" type="stmt"/>
        <line num="49" count="1" type="stmt"/>
        <line num="61" count="63" type="stmt"/>
        <line num="62" count="62" type="stmt"/>
        <line num="160" count="63" type="stmt"/>
      </file>
      <file name="steps.js" path="/home/wife/qa-auto-engineer-javascript-project-89/src/steps.js">
        <metrics statements="1" coveredstatements="1" conditionals="0" coveredconditionals="0" methods="0" coveredmethods="0"/>
        <line num="1" count="2" type="stmt"/>
      </file>
    </package>
  </project>
</coverage>
