{"/home/wife/qa-auto-engineer-javascript-project-89/__fixtures__/basicSteps.js": {"path":"/home/wife/qa-auto-engineer-javascript-project-89/__fixtures__/basicSteps.js","statementMap":{},"fnMap":{},"branchMap":{},"s":{},"f":{},"b":{},"meta":{"lastBranch":0,"lastFunction":0,"lastStatement":0,"seen":{}}}
,"/home/wife/qa-auto-engineer-javascript-project-89/__fixtures__/danglingSteps.js": {"path":"/home/wife/qa-auto-engineer-javascript-project-89/__fixtures__/danglingSteps.js","statementMap":{"0":{"start":{"line":1,"column":14},"end":{"line":12,"column":null}}},"fnMap":{},"branchMap":{},"s":{"0":1},"f":{},"b":{},"meta":{"lastBranch":0,"lastFunction":0,"lastStatement":1,"seen":{"s:1:14:12:Infinity":0}}}
,"/home/wife/qa-auto-engineer-javascript-project-89/__fixtures__/noWelcomeSteps.js": {"path":"/home/wife/qa-auto-engineer-javascript-project-89/__fixtures__/noWelcomeSteps.js","statementMap":{"0":{"start":{"line":1,"column":14},"end":{"line":12,"column":null}}},"fnMap":{},"branchMap":{},"s":{"0":1},"f":{},"b":{},"meta":{"lastBranch":0,"lastFunction":0,"lastStatement":1,"seen":{"s:1:14:12:Infinity":0}}}
,"/home/wife/qa-auto-engineer-javascript-project-89/__tests__/pageObjects/WidgetPage.js": {"path":"/home/wife/qa-auto-engineer-javascript-project-89/__tests__/pageObjects/WidgetPage.js","statementMap":{"0":{"start":{"line":5,"column":4},"end":{"line":5,"column":null}},"1":{"start":{"line":6,"column":4},"end":{"line":6,"column":null}},"2":{"start":{"line":10,"column":4},"end":{"line":10,"column":null}},"3":{"start":{"line":14,"column":4},"end":{"line":14,"column":null}},"4":{"start":{"line":18,"column":4},"end":{"line":18,"column":null}},"5":{"start":{"line":22,"column":4},"end":{"line":22,"column":null}},"6":{"start":{"line":26,"column":4},"end":{"line":26,"column":null}},"7":{"start":{"line":30,"column":4},"end":{"line":30,"column":null}},"8":{"start":{"line":34,"column":19},"end":{"line":34,"column":79}},"9":{"start":{"line":35,"column":4},"end":{"line":35,"column":null}},"10":{"start":{"line":36,"column":4},"end":{"line":36,"column":null}},"11":{"start":{"line":40,"column":4},"end":{"line":42,"column":null}},"12":{"start":{"line":42,"column":24},"end":{"line":42,"column":50}}},"fnMap":{"0":{"name":"(anonymous_0)","decl":{"start":{"line":42,"column":7},"end":{"line":42,"column":15}},"loc":{"start":{"line":42,"column":24},"end":{"line":42,"column":50}},"line":42}},"branchMap":{"0":{"loc":{"start":{"line":26,"column":11},"end":{"line":26,"column":null}},"type":"binary-expr","locations":[{"start":{"line":26,"column":11},"end":{"line":26,"column":46}},{"start":{"line":26,"column":50},"end":{"line":26,"column":null}}],"line":26},"1":{"loc":{"start":{"line":30,"column":22},"end":{"line":30,"column":69}},"type":"binary-expr","locations":[{"start":{"line":30,"column":22},"end":{"line":30,"column":63}},{"start":{"line":30,"column":67},"end":{"line":30,"column":69}}],"line":30}},"s":{"0":5,"1":5,"2":5,"3":5,"4":4,"5":0,"6":0,"7":0,"8":0,"9":0,"10":0,"11":0,"12":0},"f":{"0":0},"b":{"0":[0,0],"1":[0,0]},"meta":{"lastBranch":2,"lastFunction":1,"lastStatement":13,"seen":{"s:5:4:5:Infinity":0,"s:6:4:6:Infinity":1,"s:10:4:10:Infinity":2,"s:14:4:14:Infinity":3,"s:18:4:18:Infinity":4,"s:22:4:22:Infinity":5,"s:26:4:26:Infinity":6,"b:26:11:26:46:26:50:26:Infinity":0,"s:30:4:30:Infinity":7,"b:30:22:30:63:30:67:30:69":1,"s:34:19:34:79":8,"s:35:4:35:Infinity":9,"s:36:4:36:Infinity":10,"s:40:4:42:Infinity":11,"f:42:7:42:15":0,"s:42:24:42:50":12}}}
,"/home/wife/qa-auto-engineer-javascript-project-89/src/App.jsx": {"path":"/home/wife/qa-auto-engineer-javascript-project-89/src/App.jsx","statementMap":{"0":{"start":{"line":7,"column":15},"end":{"line":14,"column":4}},"1":{"start":{"line":15,"column":26},"end":{"line":15,"column":71}},"2":{"start":{"line":18,"column":18},"end":{"line":18,"column":null}},"3":{"start":{"line":19,"column":4},"end":{"line":19,"column":null}},"4":{"start":{"line":23,"column":4},"end":{"line":23,"column":null}},"5":{"start":{"line":27,"column":4},"end":{"line":27,"column":null}},"6":{"start":{"line":28,"column":4},"end":{"line":28,"column":null}},"7":{"start":{"line":31,"column":18},"end":{"line":38,"column":null}},"8":{"start":{"line":40,"column":8},"end":{"line":44,"column":null}},"9":{"start":{"line":41,"column":4},"end":{"line":44,"column":null}},"10":{"start":{"line":48,"column":17},"end":{"line":48,"column":41}},"11":{"start":{"line":49,"column":4},"end":{"line":57,"column":null}},"12":{"start":{"line":61,"column":8},"end":{"line":157,"column":null}},"13":{"start":{"line":62,"column":4},"end":{"line":157,"column":null}},"14":{"start":{"line":160,"column":2},"end":{"line":164,"column":null}}},"fnMap":{"0":{"name":"(anonymous_0)","decl":{"start":{"line":40,"column":8},"end":{"line":40,"column":21}},"loc":{"start":{"line":41,"column":4},"end":{"line":44,"column":null}},"line":41},"1":{"name":"(anonymous_1)","decl":{"start":{"line":61,"column":8},"end":{"line":61,"column":null}},"loc":{"start":{"line":62,"column":4},"end":{"line":157,"column":null}},"line":62}},"branchMap":{"0":{"loc":{"start":{"line":18,"column":18},"end":{"line":18,"column":null}},"type":"cond-expr","locations":[{"start":{"line":18,"column":47},"end":{"line":18,"column":64}},{"start":{"line":18,"column":64},"end":{"line":18,"column":null}}],"line":18},"1":{"loc":{"start":{"line":162,"column":7},"end":{"line":162,"column":72}},"type":"cond-expr","locations":[{"start":{"line":162,"column":43},"end":{"line":162,"column":55}},{"start":{"line":162,"column":58},"end":{"line":162,"column":72}}],"line":162}},"s":{"0":63,"1":63,"2":59,"3":59,"4":1,"5":1,"6":1,"7":63,"8":63,"9":6,"10":1,"11":1,"12":63,"13":62,"14":63},"f":{"0":6,"1":62},"b":{"0":[1,58],"1":[62,1]},"meta":{"lastBranch":2,"lastFunction":2,"lastStatement":15,"seen":{"s:7:15:14:4":0,"s:15:26:15:71":1,"s:18:18:18:Infinity":2,"b:18:47:18:64:18:64:18:Infinity":0,"s:19:4:19:Infinity":3,"s:23:4:23:Infinity":4,"s:27:4:27:Infinity":5,"s:28:4:28:Infinity":6,"s:31:18:38:Infinity":7,"s:40:8:44:Infinity":8,"f:40:8:40:21":0,"s:41:4:44:Infinity":9,"s:48:17:48:41":10,"s:49:4:57:Infinity":11,"s:61:8:157:Infinity":12,"f:61:8:61:Infinity":1,"s:62:4:157:Infinity":13,"s:160:2:164:Infinity":14,"b:162:43:162:55:162:58:162:72":1}}}
,"/home/wife/qa-auto-engineer-javascript-project-89/src/steps.js": {"path":"/home/wife/qa-auto-engineer-javascript-project-89/src/steps.js","statementMap":{"0":{"start":{"line":1,"column":14},"end":{"line":60,"column":null}}},"fnMap":{},"branchMap":{},"s":{"0":2},"f":{},"b":{},"meta":{"lastBranch":0,"lastFunction":0,"lastStatement":1,"seen":{"s:1:14:60:Infinity":0}}}
}
