TN:
SF:__fixtures__/basicSteps.js
FNF:0
FNH:0
LF:0
LH:0
BRF:0
BRH:0
end_of_record
TN:
SF:__fixtures__/danglingSteps.js
FNF:0
FNH:0
DA:1,1
LF:1
LH:1
BRF:0
BRH:0
end_of_record
TN:
SF:__fixtures__/noWelcomeSteps.js
FNF:0
FNH:0
DA:1,1
LF:1
LH:1
BRF:0
BRH:0
end_of_record
TN:
SF:__tests__/pageObjects/WidgetPage.js
FN:42,(anonymous_0)
FNF:1
FNH:0
FNDA:0,(anonymous_0)
DA:5,5
DA:6,5
DA:10,5
DA:14,5
DA:18,4
DA:22,0
DA:26,0
DA:30,0
DA:34,0
DA:35,0
DA:36,0
DA:40,0
DA:42,0
LF:13
LH:5
BRDA:26,0,0,0
BRDA:26,0,1,0
BRDA:30,1,0,0
BRDA:30,1,1,0
BRF:4
BRH:0
end_of_record
TN:
SF:src/App.jsx
FN:39,(anonymous_0)
FN:60,(anonymous_1)
FN:183,(anonymous_2)
FN:208,(anonymous_3)
FNF:4
FNH:4
FNDA:6,(anonymous_0)
FNDA:70,(anonymous_1)
FNDA:1,(anonymous_2)
FNDA:71,(anonymous_3)
DA:6,72
DA:14,72
DA:17,59
DA:18,59
DA:22,1
DA:26,1
DA:27,1
DA:30,72
DA:39,72
DA:40,6
DA:47,1
DA:48,1
DA:60,72
DA:61,70
DA:161,0
DA:164,4
DA:167,1
DA:172,4
DA:173,4
DA:176,0
DA:180,2
DA:183,1
DA:188,71
DA:189,71
DA:192,7
DA:193,7
DA:195,6
DA:203,64
DA:206,72
DA:208,72
DA:210,71
DA:211,71
DA:214,1
DA:218,72
DA:219,72
DA:221,72
DA:235,10
DA:236,10
DA:240,2
DA:245,1
DA:251,3
DA:254,71
LF:42
LH:40
BRDA:17,0,0,1
BRDA:17,0,1,58
BRDA:173,1,0,2
BRDA:173,1,1,2
BRDA:181,2,0,2
BRDA:181,2,1,1
BRDA:181,2,2,1
BRDA:188,3,0,1
BRDA:188,3,1,70
BRDA:211,4,0,70
BRDA:211,4,1,0
BRDA:218,5,0,72
BRDA:218,5,1,1
BRDA:219,6,0,72
BRDA:219,6,1,1
BRDA:223,7,0,70
BRDA:223,7,1,1
BRDA:244,8,0,63
BRDA:244,8,1,1
BRF:19
BRH:18
end_of_record
TN:
SF:src/steps.js
FNF:0
FNH:0
DA:1,6
LF:1
LH:1
BRF:0
BRH:0
end_of_record
